<?xml version="1.0" encoding="UTF-8"?>
<!-- Generated by org.testng.reporters.JUnitReportReporter -->
<testsuite hostname="Shivanshu-HP" failures="0" tests="1" name="QAClick.ValidateNavigationBar" time="25.834" errors="0" timestamp="2020-05-20T21:07:16 IST" skipped="0">
  <testcase classname="QAClick.ValidateNavigationBar" name="basepageNavigation" time="25.834"/>
  <system-out/>
</testsuite> <!-- QAClick.ValidateNavigationBar -->
