<?xml version="1.0" encoding="UTF-8"?>
<!-- Generated by org.testng.reporters.JUnitReportReporter -->
<testsuite hostname="Shivanshu-HP" failures="0" tests="1" name="QAClick.ValidateTitle" time="24.556" errors="0" timestamp="2020-05-20T21:07:16 IST" skipped="0">
  <testcase classname="QAClick.ValidateTitle" name="basepageNavigation" time="24.556"/>
  <system-out/>
</testsuite> <!-- QAClick.ValidateTitle -->
