<?xml version="1.0" encoding="UTF-8"?>
<!-- Generated by org.testng.reporters.JUnitReportReporter -->
<testsuite hostname="Shivanshu-HP" failures="0" tests="2" name="QAClick.LoginFunctionality" time="150.572" errors="0" timestamp="2020-05-20T21:07:16 IST" skipped="0">
  <testcase classname="QAClick.LoginFunctionality" name="basepageNavigation" time="104.394"/>
  <system-out/>
  <testcase classname="QAClick.LoginFunctionality" name="basepageNavigation" time="46.178"/>
  <system-out/>
</testsuite> <!-- QAClick.LoginFunctionality -->
