<?xml version="1.0" encoding="UTF-8"?>
<!-- Generated by org.testng.reporters.JUnitReportReporter -->
<testsuite hostname="Shivanshu-HP" failures="0" tests="1" name="QAClick.ValidateNavigationBar" time="35.891" errors="0" timestamp="2020-05-21T16:11:53 IST" skipped="0">
  <testcase classname="QAClick.ValidateNavigationBar" name="NavigationToContact" time="35.891"/>
  <system-out/>
</testsuite> <!-- QAClick.ValidateNavigationBar -->
