<?xml version="1.0" encoding="UTF-8"?>
<!-- Generated by org.testng.reporters.JUnitReportReporter -->
<testsuite hostname="Shivanshu-HP" failures="0" tests="2" name="QAClick.LoginFunctionality" time="102.038" errors="0" timestamp="2020-05-21T16:11:53 IST" skipped="0">
  <testcase classname="QAClick.LoginFunctionality" name="LoginToPage" time="57.334"/>
  <system-out/>
  <testcase classname="QAClick.LoginFunctionality" name="LoginToPage" time="44.704"/>
  <system-out/>
</testsuite> <!-- QAClick.LoginFunctionality -->
